2025-06-13T00:04:15.922-03:00  INFO 15224 --- [Ecommerce-Isa-Fab-Bia] [cosmos-parallel-10] c.a.c.i.RxDocumentClientImpl             : Getting database account endpoint from https://ecommerce-isa-bia-fab-cosmosdb.documents.azure.com:443/
2025-06-13T00:04:16.698-03:00  INFO 15224 --- [Ecommerce-Isa-Fab-Bia] [reactor-http-nio-8] c.a.c.i.GlobalEndpointManager            : db account retrieved {"_self":"","id":"ecommerce-isa-bia-fab-cosmosdb","_rid":"ecommerce-isa-bia-fab-cosmosdb.documents.azure.com","media":"//media/","addresses":"//addresses/","_dbs":"//dbs/","writableLocations":[{"name":"West US 3","databaseAccountEndpoint":"https://ecommerce-isa-bia-fab-cosmosdb-westus3.documents.azure.com:443/"}],"readableLocations":[{"name":"West US 3","databaseAccountEndpoint":"https://ecommerce-isa-bia-fab-cosmosdb-westus3.documents.azure.com:443/"}],"enableMultipleWriteLocations":false,"continuousBackupEnabled":false,"enableNRegionSynchronousCommit":false,"userReplicationPolicy":{"asyncReplication":false,"minReplicaSetSize":3,"maxReplicasetSize":4},"userConsistencyPolicy":{"defaultConsistencyLevel":"Session"},"systemReplicationPolicy":{"minReplicaSetSize":3,"maxReplicasetSize":4},"readPolicy":{"primaryReadCoefficient":1,"secondaryReadCoefficient":1},"queryEngineConfiguration":"{\"allowNewKeywords\":true,\"maxJoinsPerSqlQuery\":10,\"maxQueryRequestTimeoutFraction\":0.9,\"maxSqlQueryInputLength\":524288,\"maxUdfRefPerSqlQuery\":10,\"queryMaxInMemorySortDocumentCount\":-1000,\"spatialMaxGeometryPointCount\":256,\"sqlAllowNonFiniteNumbers\":false,\"sqlDisableOptimizationFlags\":0,\"sqlQueryILDisableOptimizationFlags\":0,\"clientDisableOptimisticDirectExecution\":false,\"queryEnableFullText\":true,\"queryEnableFullTextPreviewFeatures\":false,\"enableSpatialIndexing\":true,\"maxInExpressionItemsCount\":2147483647,\"maxLogicalAndPerSqlQuery\":2147483647,\"maxLogicalOrPerSqlQuery\":2147483647,\"maxSpatialQueryCells\":2147483647,\"sqlAllowAggregateFunctions\":true,\"sqlAllowGroupByClause\":true,\"sqlAllowLike\":true,\"sqlAllowSubQuery\":true,\"sqlAllowScalarSubQuery\":true,\"sqlAllowTop\":true}"}
2025-06-13T00:07:12.912-03:00  INFO 15224 --- [Ecommerce-Isa-Fab-Bia] [File Watcher] rtingClassPathChangeChangedEventListener : Restarting due to 3 class path changes (0 additions, 0 deletions, 3 modifications)
2025-06-13T00:07:12.917-03:00  INFO 15224 --- [Ecommerce-Isa-Fab-Bia] [Thread-17] o.s.b.w.e.tomcat.GracefulShutdown        : Commencing graceful shutdown. Waiting for active requests to complete
2025-06-13T00:07:12.932-03:00  INFO 15224 --- [Ecommerce-Isa-Fab-Bia] [tomcat-shutdown] o.s.b.w.e.tomcat.GracefulShutdown        : Graceful shutdown complete
2025-06-13T00:07:12.940-03:00  INFO 15224 --- [Ecommerce-Isa-Fab-Bia] [Thread-17] c.a.c.i.RxDocumentClientImpl             : Attempting to close client 1
2025-06-13T00:07:12.940-03:00  INFO 15224 --- [Ecommerce-Isa-Fab-Bia] [Thread-17] c.a.c.i.RxDocumentClientImpl             : Shutting down ...
2025-06-13T00:07:12.941-03:00  INFO 15224 --- [Ecommerce-Isa-Fab-Bia] [Thread-17] c.a.c.i.RxDocumentClientImpl             : Closing globalPartitionEndpointManagerForCircuitBreaker...
2025-06-13T00:07:12.957-03:00  INFO 15224 --- [Ecommerce-Isa-Fab-Bia] [Thread-17] c.a.c.i.RxDocumentClientImpl             : Closing Global Endpoint Manager ...
2025-06-13T00:07:12.958-03:00  INFO 15224 --- [Ecommerce-Isa-Fab-Bia] [Thread-17] c.a.c.i.RxDocumentClientImpl             : Closing StoreClientFactory ...
2025-06-13T00:07:12.958-03:00  INFO 15224 --- [Ecommerce-Isa-Fab-Bia] [Thread-17] .i.d.r.ProactiveOpenConnectionsProcessor : Shutting down ProactiveOpenConnectionsProcessor...
2025-06-13T00:07:12.959-03:00  INFO 15224 --- [Ecommerce-Isa-Fab-Bia] [Thread-17] Endpoint$RntbdEndpointMonitoringProvider : Shutting down RntbdClientChannelPoolMonitoringProvider ...
2025-06-13T00:07:12.965-03:00  INFO 15224 --- [Ecommerce-Isa-Fab-Bia] [Thread-17] c.a.c.i.RxDocumentClientImpl             : Shutting down reactorHttpClient ...
2025-06-13T00:07:12.978-03:00  INFO 15224 --- [Ecommerce-Isa-Fab-Bia] [Thread-17] c.a.c.i.RxDocumentClientImpl             : Shutting down CpuMonitor ...
2025-06-13T00:07:12.978-03:00  INFO 15224 --- [Ecommerce-Isa-Fab-Bia] [Thread-17] c.a.c.i.RxDocumentClientImpl             : Shutting down completed.
2025-06-13T00:07:12.980-03:00  INFO 15224 --- [Ecommerce-Isa-Fab-Bia] [Thread-17] j.LocalContainerEntityManagerFactoryBean : Closing JPA EntityManagerFactory for persistence unit 'default'
2025-06-13T00:07:12.984-03:00  INFO 15224 --- [Ecommerce-Isa-Fab-Bia] [Thread-17] com.zaxxer.hikari.HikariDataSource       : HikariPool-1 - Shutdown initiated...
2025-06-13T00:07:14.618-03:00  INFO 15224 --- [Ecommerce-Isa-Fab-Bia] [Thread-17] com.zaxxer.hikari.HikariDataSource       : HikariPool-1 - Shutdown completed.
2025-06-13T00:07:14.704-03:00  INFO 15224 --- [Ecommerce-Isa-Fab-Bia] [restartedMain] c.e.EcommerceIsaFabBiaApplication        : Starting EcommerceIsaFabBiaApplication using Java 23.0.2 with PID 15224 (C:\Users\famor\Downloads\Projeto-Ecommerce-main (8)\Projeto-Ecommerce-main\api\target\classes started by famor in C:\Users\famor\Downloads\Projeto-Ecommerce-main (8)\Projeto-Ecommerce-main\api)
2025-06-13T00:07:14.704-03:00  INFO 15224 --- [Ecommerce-Isa-Fab-Bia] [restartedMain] c.e.EcommerceIsaFabBiaApplication        : No active profile set, falling back to 1 default profile: "default"
2025-06-13T00:07:14.860-03:00  INFO 15224 --- [Ecommerce-Isa-Fab-Bia] [restartedMain] .s.d.r.c.RepositoryConfigurationDelegate : Multiple Spring Data modules found, entering strict repository configuration mode
2025-06-13T00:07:14.860-03:00  INFO 15224 --- [Ecommerce-Isa-Fab-Bia] [restartedMain] .s.d.r.c.RepositoryConfigurationDelegate : Bootstrapping Spring Data cosmos repositories in DEFAULT mode.
2025-06-13T00:07:14.866-03:00  INFO 15224 --- [Ecommerce-Isa-Fab-Bia] [restartedMain] .s.d.r.c.RepositoryConfigurationDelegate : Finished Spring Data repository scanning in 4 ms. Found 2 cosmos repository interfaces.
2025-06-13T00:07:14.866-03:00  INFO 15224 --- [Ecommerce-Isa-Fab-Bia] [restartedMain] .s.d.r.c.RepositoryConfigurationDelegate : Multiple Spring Data modules found, entering strict repository configuration mode
2025-06-13T00:07:14.866-03:00  INFO 15224 --- [Ecommerce-Isa-Fab-Bia] [restartedMain] .s.d.r.c.RepositoryConfigurationDelegate : Bootstrapping Spring Data cosmos repositories in DEFAULT mode.
2025-06-13T00:07:14.869-03:00  INFO 15224 --- [Ecommerce-Isa-Fab-Bia] [restartedMain] .s.d.r.c.RepositoryConfigurationDelegate : Finished Spring Data repository scanning in 1 ms. Found 0 cosmos repository interfaces.
2025-06-13T00:07:14.904-03:00  INFO 15224 --- [Ecommerce-Isa-Fab-Bia] [restartedMain] .s.d.r.c.RepositoryConfigurationDelegate : Multiple Spring Data modules found, entering strict repository configuration mode
2025-06-13T00:07:14.904-03:00  INFO 15224 --- [Ecommerce-Isa-Fab-Bia] [restartedMain] .s.d.r.c.RepositoryConfigurationDelegate : Bootstrapping Spring Data JPA repositories in DEFAULT mode.
2025-06-13T00:07:14.909-03:00  INFO 15224 --- [Ecommerce-Isa-Fab-Bia] [restartedMain] .RepositoryConfigurationExtensionSupport : Spring Data JPA - Could not safely identify store assignment for repository candidate interface cloud.ecommerceisafabbia.repositorioJPA.cosmos.PedidoRepository; If you want this repository to be a JPA repository, consider annotating your entities with one of these annotations: jakarta.persistence.Entity, jakarta.persistence.MappedSuperclass (preferred), or consider extending one of the following types with your repository: org.springframework.data.jpa.repository.JpaRepository
2025-06-13T00:07:14.910-03:00  INFO 15224 --- [Ecommerce-Isa-Fab-Bia] [restartedMain] .RepositoryConfigurationExtensionSupport : Spring Data JPA - Could not safely identify store assignment for repository candidate interface cloud.ecommerceisafabbia.repositorioJPA.cosmos.ProdutoRepository; If you want this repository to be a JPA repository, consider annotating your entities with one of these annotations: jakarta.persistence.Entity, jakarta.persistence.MappedSuperclass (preferred), or consider extending one of the following types with your repository: org.springframework.data.jpa.repository.JpaRepository
2025-06-13T00:07:14.917-03:00  INFO 15224 --- [Ecommerce-Isa-Fab-Bia] [restartedMain] .s.d.r.c.RepositoryConfigurationDelegate : Finished Spring Data repository scanning in 12 ms. Found 3 JPA repository interfaces.
2025-06-13T00:07:15.013-03:00  INFO 15224 --- [Ecommerce-Isa-Fab-Bia] [restartedMain] o.s.b.w.embedded.tomcat.TomcatWebServer  : Tomcat initialized with port 8080 (http)
2025-06-13T00:07:15.015-03:00  INFO 15224 --- [Ecommerce-Isa-Fab-Bia] [restartedMain] o.apache.catalina.core.StandardService   : Starting service [Tomcat]
2025-06-13T00:07:15.015-03:00  INFO 15224 --- [Ecommerce-Isa-Fab-Bia] [restartedMain] o.apache.catalina.core.StandardEngine    : Starting Servlet engine: [Apache Tomcat/10.1.39]
2025-06-13T00:07:15.038-03:00  INFO 15224 --- [Ecommerce-Isa-Fab-Bia] [restartedMain] o.a.c.c.C.[Tomcat].[localhost].[/]       : Initializing Spring embedded WebApplicationContext
2025-06-13T00:07:15.038-03:00  INFO 15224 --- [Ecommerce-Isa-Fab-Bia] [restartedMain] w.s.c.ServletWebServerApplicationContext : Root WebApplicationContext: initialization completed in 332 ms
2025-06-13T00:07:15.071-03:00  INFO 15224 --- [Ecommerce-Isa-Fab-Bia] [restartedMain] o.hibernate.jpa.internal.util.LogHelper  : HHH000204: Processing PersistenceUnitInfo [name: default]
2025-06-13T00:07:15.074-03:00  INFO 15224 --- [Ecommerce-Isa-Fab-Bia] [restartedMain] o.h.c.internal.RegionFactoryInitiator    : HHH000026: Second-level cache disabled
2025-06-13T00:07:15.086-03:00  INFO 15224 --- [Ecommerce-Isa-Fab-Bia] [restartedMain] o.s.o.j.p.SpringPersistenceUnitInfo      : No LoadTimeWeaver setup: ignoring JPA class transformer
2025-06-13T00:07:15.088-03:00  INFO 15224 --- [Ecommerce-Isa-Fab-Bia] [restartedMain] com.zaxxer.hikari.HikariDataSource       : HikariPool-2 - Starting...
2025-06-13T00:07:16.725-03:00  INFO 15224 --- [Ecommerce-Isa-Fab-Bia] [restartedMain] com.zaxxer.hikari.pool.HikariPool        : HikariPool-2 - Added connection com.mysql.cj.jdbc.ConnectionImpl@1244e792
2025-06-13T00:07:16.726-03:00  INFO 15224 --- [Ecommerce-Isa-Fab-Bia] [restartedMain] com.zaxxer.hikari.HikariDataSource       : HikariPool-2 - Start completed.
2025-06-13T00:07:16.884-03:00  WARN 15224 --- [Ecommerce-Isa-Fab-Bia] [restartedMain] org.hibernate.orm.deprecation            : HHH90000025: MySQLDialect does not need to be specified explicitly using 'hibernate.dialect' (remove the property setting and it will be selected by default)
2025-06-13T00:07:16.885-03:00  INFO 15224 --- [Ecommerce-Isa-Fab-Bia] [restartedMain] org.hibernate.orm.connections.pooling    : HHH10001005: Database info:
	Database JDBC URL [Connecting through datasource 'HikariDataSource (HikariPool-2)']
	Database driver: undefined/unknown
	Database version: 8.0.41
	Autocommit mode: undefined/unknown
	Isolation level: undefined/unknown
	Minimum pool size: undefined/unknown
	Maximum pool size: undefined/unknown
2025-06-13T00:07:16.943-03:00  INFO 15224 --- [Ecommerce-Isa-Fab-Bia] [restartedMain] o.h.e.t.j.p.i.JtaPlatformInitiator       : HHH000489: No JTA platform available (set 'hibernate.transaction.jta.platform' to enable JTA platform integration)
2025-06-13T00:07:18.237-03:00  INFO 15224 --- [Ecommerce-Isa-Fab-Bia] [restartedMain] j.LocalContainerEntityManagerFactoryBean : Initialized JPA EntityManagerFactory for persistence unit 'default'
2025-06-13T00:07:18.283-03:00  WARN 15224 --- [Ecommerce-Isa-Fab-Bia] [restartedMain] ConfigServletWebServerApplicationContext : Exception encountered during context initialization - cancelling refresh attempt: org.springframework.beans.factory.UnsatisfiedDependencyException: Error creating bean with name 'compraController': Unsatisfied dependency expressed through field 'compraService': No qualifying bean of type 'cloud.ecommerceisafabbia.service.CompraService' available: expected at least 1 bean which qualifies as autowire candidate. Dependency annotations: {@org.springframework.beans.factory.annotation.Autowired(required=true)}
2025-06-13T00:07:18.283-03:00  INFO 15224 --- [Ecommerce-Isa-Fab-Bia] [restartedMain] j.LocalContainerEntityManagerFactoryBean : Closing JPA EntityManagerFactory for persistence unit 'default'
2025-06-13T00:07:18.284-03:00  INFO 15224 --- [Ecommerce-Isa-Fab-Bia] [restartedMain] com.zaxxer.hikari.HikariDataSource       : HikariPool-2 - Shutdown initiated...
2025-06-13T00:07:19.680-03:00  INFO 15224 --- [Ecommerce-Isa-Fab-Bia] [restartedMain] com.zaxxer.hikari.HikariDataSource       : HikariPool-2 - Shutdown completed.
2025-06-13T00:07:19.682-03:00  INFO 15224 --- [Ecommerce-Isa-Fab-Bia] [restartedMain] o.apache.catalina.core.StandardService   : Stopping service [Tomcat]
2025-06-13T00:07:19.690-03:00  INFO 15224 --- [Ecommerce-Isa-Fab-Bia] [restartedMain] .s.b.a.l.ConditionEvaluationReportLogger : 

Error starting ApplicationContext. To display the condition evaluation report re-run your application with 'debug' enabled.
2025-06-13T00:07:19.714-03:00 ERROR 15224 --- [Ecommerce-Isa-Fab-Bia] [restartedMain] o.s.b.d.LoggingFailureAnalysisReporter   : 

***************************
APPLICATION FAILED TO START
***************************

Description:

Field compraService in cloud.ecommerceisafabbia.controladores.CompraController required a bean of type 'cloud.ecommerceisafabbia.service.CompraService' that could not be found.

The injection point has the following annotations:
	- @org.springframework.beans.factory.annotation.Autowired(required=true)


Action:

Consider defining a bean of type 'cloud.ecommerceisafabbia.service.CompraService' in your configuration.

2025-06-13T00:07:28.380-03:00  INFO 15224 --- [Ecommerce-Isa-Fab-Bia] [restartedMain] c.e.EcommerceIsaFabBiaApplication        : Starting EcommerceIsaFabBiaApplication using Java 23.0.2 with PID 15224 (C:\Users\famor\Downloads\Projeto-Ecommerce-main (8)\Projeto-Ecommerce-main\api\target\classes started by famor in C:\Users\famor\Downloads\Projeto-Ecommerce-main (8)\Projeto-Ecommerce-main\api)
2025-06-13T00:07:28.381-03:00  INFO 15224 --- [Ecommerce-Isa-Fab-Bia] [restartedMain] c.e.EcommerceIsaFabBiaApplication        : No active profile set, falling back to 1 default profile: "default"
2025-06-13T00:07:28.544-03:00  INFO 15224 --- [Ecommerce-Isa-Fab-Bia] [restartedMain] .s.d.r.c.RepositoryConfigurationDelegate : Multiple Spring Data modules found, entering strict repository configuration mode
2025-06-13T00:07:28.544-03:00  INFO 15224 --- [Ecommerce-Isa-Fab-Bia] [restartedMain] .s.d.r.c.RepositoryConfigurationDelegate : Bootstrapping Spring Data cosmos repositories in DEFAULT mode.
2025-06-13T00:07:28.550-03:00  INFO 15224 --- [Ecommerce-Isa-Fab-Bia] [restartedMain] .s.d.r.c.RepositoryConfigurationDelegate : Finished Spring Data repository scanning in 4 ms. Found 2 cosmos repository interfaces.
2025-06-13T00:07:28.551-03:00  INFO 15224 --- [Ecommerce-Isa-Fab-Bia] [restartedMain] .s.d.r.c.RepositoryConfigurationDelegate : Multiple Spring Data modules found, entering strict repository configuration mode
2025-06-13T00:07:28.551-03:00  INFO 15224 --- [Ecommerce-Isa-Fab-Bia] [restartedMain] .s.d.r.c.RepositoryConfigurationDelegate : Bootstrapping Spring Data cosmos repositories in DEFAULT mode.
2025-06-13T00:07:28.553-03:00  INFO 15224 --- [Ecommerce-Isa-Fab-Bia] [restartedMain] .s.d.r.c.RepositoryConfigurationDelegate : Finished Spring Data repository scanning in 1 ms. Found 0 cosmos repository interfaces.
2025-06-13T00:07:28.579-03:00  INFO 15224 --- [Ecommerce-Isa-Fab-Bia] [restartedMain] .s.d.r.c.RepositoryConfigurationDelegate : Multiple Spring Data modules found, entering strict repository configuration mode
2025-06-13T00:07:28.579-03:00  INFO 15224 --- [Ecommerce-Isa-Fab-Bia] [restartedMain] .s.d.r.c.RepositoryConfigurationDelegate : Bootstrapping Spring Data JPA repositories in DEFAULT mode.
2025-06-13T00:07:28.584-03:00  INFO 15224 --- [Ecommerce-Isa-Fab-Bia] [restartedMain] .RepositoryConfigurationExtensionSupport : Spring Data JPA - Could not safely identify store assignment for repository candidate interface cloud.ecommerceisafabbia.repositorioJPA.cosmos.PedidoRepository; If you want this repository to be a JPA repository, consider annotating your entities with one of these annotations: jakarta.persistence.Entity, jakarta.persistence.MappedSuperclass (preferred), or consider extending one of the following types with your repository: org.springframework.data.jpa.repository.JpaRepository
2025-06-13T00:07:28.585-03:00  INFO 15224 --- [Ecommerce-Isa-Fab-Bia] [restartedMain] .RepositoryConfigurationExtensionSupport : Spring Data JPA - Could not safely identify store assignment for repository candidate interface cloud.ecommerceisafabbia.repositorioJPA.cosmos.ProdutoRepository; If you want this repository to be a JPA repository, consider annotating your entities with one of these annotations: jakarta.persistence.Entity, jakarta.persistence.MappedSuperclass (preferred), or consider extending one of the following types with your repository: org.springframework.data.jpa.repository.JpaRepository
2025-06-13T00:07:28.592-03:00  INFO 15224 --- [Ecommerce-Isa-Fab-Bia] [restartedMain] .s.d.r.c.RepositoryConfigurationDelegate : Finished Spring Data repository scanning in 12 ms. Found 3 JPA repository interfaces.
2025-06-13T00:07:28.669-03:00  INFO 15224 --- [Ecommerce-Isa-Fab-Bia] [restartedMain] o.s.b.w.embedded.tomcat.TomcatWebServer  : Tomcat initialized with port 8080 (http)
2025-06-13T00:07:28.672-03:00  INFO 15224 --- [Ecommerce-Isa-Fab-Bia] [restartedMain] o.apache.catalina.core.StandardService   : Starting service [Tomcat]
2025-06-13T00:07:28.673-03:00  INFO 15224 --- [Ecommerce-Isa-Fab-Bia] [restartedMain] o.apache.catalina.core.StandardEngine    : Starting Servlet engine: [Apache Tomcat/10.1.39]
2025-06-13T00:07:28.709-03:00  INFO 15224 --- [Ecommerce-Isa-Fab-Bia] [restartedMain] o.a.c.c.C.[Tomcat-1].[localhost].[/]     : Initializing Spring embedded WebApplicationContext
2025-06-13T00:07:28.710-03:00  INFO 15224 --- [Ecommerce-Isa-Fab-Bia] [restartedMain] w.s.c.ServletWebServerApplicationContext : Root WebApplicationContext: initialization completed in 327 ms
2025-06-13T00:07:28.736-03:00  INFO 15224 --- [Ecommerce-Isa-Fab-Bia] [restartedMain] o.hibernate.jpa.internal.util.LogHelper  : HHH000204: Processing PersistenceUnitInfo [name: default]
2025-06-13T00:07:28.739-03:00  INFO 15224 --- [Ecommerce-Isa-Fab-Bia] [restartedMain] o.h.c.internal.RegionFactoryInitiator    : HHH000026: Second-level cache disabled
2025-06-13T00:07:28.746-03:00  INFO 15224 --- [Ecommerce-Isa-Fab-Bia] [restartedMain] o.s.o.j.p.SpringPersistenceUnitInfo      : No LoadTimeWeaver setup: ignoring JPA class transformer
2025-06-13T00:07:28.747-03:00  INFO 15224 --- [Ecommerce-Isa-Fab-Bia] [restartedMain] com.zaxxer.hikari.HikariDataSource       : HikariPool-3 - Starting...
2025-06-13T00:07:30.378-03:00  INFO 15224 --- [Ecommerce-Isa-Fab-Bia] [restartedMain] com.zaxxer.hikari.pool.HikariPool        : HikariPool-3 - Added connection com.mysql.cj.jdbc.ConnectionImpl@438d63eb
2025-06-13T00:07:30.379-03:00  INFO 15224 --- [Ecommerce-Isa-Fab-Bia] [restartedMain] com.zaxxer.hikari.HikariDataSource       : HikariPool-3 - Start completed.
2025-06-13T00:07:30.538-03:00  WARN 15224 --- [Ecommerce-Isa-Fab-Bia] [restartedMain] org.hibernate.orm.deprecation            : HHH90000025: MySQLDialect does not need to be specified explicitly using 'hibernate.dialect' (remove the property setting and it will be selected by default)
2025-06-13T00:07:30.539-03:00  INFO 15224 --- [Ecommerce-Isa-Fab-Bia] [restartedMain] org.hibernate.orm.connections.pooling    : HHH10001005: Database info:
	Database JDBC URL [Connecting through datasource 'HikariDataSource (HikariPool-3)']
	Database driver: undefined/unknown
	Database version: 8.0.41
	Autocommit mode: undefined/unknown
	Isolation level: undefined/unknown
	Minimum pool size: undefined/unknown
	Maximum pool size: undefined/unknown
2025-06-13T00:07:30.594-03:00  INFO 15224 --- [Ecommerce-Isa-Fab-Bia] [restartedMain] o.h.e.t.j.p.i.JtaPlatformInitiator       : HHH000489: No JTA platform available (set 'hibernate.transaction.jta.platform' to enable JTA platform integration)
2025-06-13T00:07:31.901-03:00  INFO 15224 --- [Ecommerce-Isa-Fab-Bia] [restartedMain] j.LocalContainerEntityManagerFactoryBean : Initialized JPA EntityManagerFactory for persistence unit 'default'
2025-06-13T00:07:31.947-03:00  WARN 15224 --- [Ecommerce-Isa-Fab-Bia] [restartedMain] ConfigServletWebServerApplicationContext : Exception encountered during context initialization - cancelling refresh attempt: org.springframework.beans.factory.UnsatisfiedDependencyException: Error creating bean with name 'compraController': Unsatisfied dependency expressed through field 'compraService': No qualifying bean of type 'cloud.ecommerceisafabbia.service.CompraService' available: expected at least 1 bean which qualifies as autowire candidate. Dependency annotations: {@org.springframework.beans.factory.annotation.Autowired(required=true)}
2025-06-13T00:07:31.947-03:00  INFO 15224 --- [Ecommerce-Isa-Fab-Bia] [restartedMain] j.LocalContainerEntityManagerFactoryBean : Closing JPA EntityManagerFactory for persistence unit 'default'
2025-06-13T00:07:31.948-03:00  INFO 15224 --- [Ecommerce-Isa-Fab-Bia] [restartedMain] com.zaxxer.hikari.HikariDataSource       : HikariPool-3 - Shutdown initiated...
2025-06-13T00:07:33.320-03:00  INFO 15224 --- [Ecommerce-Isa-Fab-Bia] [restartedMain] com.zaxxer.hikari.HikariDataSource       : HikariPool-3 - Shutdown completed.
2025-06-13T00:07:33.321-03:00  INFO 15224 --- [Ecommerce-Isa-Fab-Bia] [restartedMain] o.apache.catalina.core.StandardService   : Stopping service [Tomcat]
2025-06-13T00:07:33.327-03:00  INFO 15224 --- [Ecommerce-Isa-Fab-Bia] [restartedMain] .s.b.a.l.ConditionEvaluationReportLogger : 

Error starting ApplicationContext. To display the condition evaluation report re-run your application with 'debug' enabled.
2025-06-13T00:07:33.335-03:00 ERROR 15224 --- [Ecommerce-Isa-Fab-Bia] [restartedMain] o.s.b.d.LoggingFailureAnalysisReporter   : 

***************************
APPLICATION FAILED TO START
***************************

Description:

Field compraService in cloud.ecommerceisafabbia.controladores.CompraController required a bean of type 'cloud.ecommerceisafabbia.service.CompraService' that could not be found.

The injection point has the following annotations:
	- @org.springframework.beans.factory.annotation.Autowired(required=true)


Action:

Consider defining a bean of type 'cloud.ecommerceisafabbia.service.CompraService' in your configuration.

2025-06-13T00:07:46.038-03:00  INFO 15224 --- [Ecommerce-Isa-Fab-Bia] [restartedMain] c.e.EcommerceIsaFabBiaApplication        : Starting EcommerceIsaFabBiaApplication using Java 23.0.2 with PID 15224 (C:\Users\famor\Downloads\Projeto-Ecommerce-main (8)\Projeto-Ecommerce-main\api\target\classes started by famor in C:\Users\famor\Downloads\Projeto-Ecommerce-main (8)\Projeto-Ecommerce-main\api)
2025-06-13T00:07:46.038-03:00  INFO 15224 --- [Ecommerce-Isa-Fab-Bia] [restartedMain] c.e.EcommerceIsaFabBiaApplication        : No active profile set, falling back to 1 default profile: "default"
2025-06-13T00:07:46.154-03:00  INFO 15224 --- [Ecommerce-Isa-Fab-Bia] [restartedMain] .s.d.r.c.RepositoryConfigurationDelegate : Multiple Spring Data modules found, entering strict repository configuration mode
2025-06-13T00:07:46.154-03:00  INFO 15224 --- [Ecommerce-Isa-Fab-Bia] [restartedMain] .s.d.r.c.RepositoryConfigurationDelegate : Bootstrapping Spring Data cosmos repositories in DEFAULT mode.
2025-06-13T00:07:46.159-03:00  INFO 15224 --- [Ecommerce-Isa-Fab-Bia] [restartedMain] .s.d.r.c.RepositoryConfigurationDelegate : Finished Spring Data repository scanning in 3 ms. Found 2 cosmos repository interfaces.
2025-06-13T00:07:46.159-03:00  INFO 15224 --- [Ecommerce-Isa-Fab-Bia] [restartedMain] .s.d.r.c.RepositoryConfigurationDelegate : Multiple Spring Data modules found, entering strict repository configuration mode
2025-06-13T00:07:46.159-03:00  INFO 15224 --- [Ecommerce-Isa-Fab-Bia] [restartedMain] .s.d.r.c.RepositoryConfigurationDelegate : Bootstrapping Spring Data cosmos repositories in DEFAULT mode.
2025-06-13T00:07:46.162-03:00  INFO 15224 --- [Ecommerce-Isa-Fab-Bia] [restartedMain] .s.d.r.c.RepositoryConfigurationDelegate : Finished Spring Data repository scanning in 1 ms. Found 0 cosmos repository interfaces.
2025-06-13T00:07:46.186-03:00  INFO 15224 --- [Ecommerce-Isa-Fab-Bia] [restartedMain] .s.d.r.c.RepositoryConfigurationDelegate : Multiple Spring Data modules found, entering strict repository configuration mode
2025-06-13T00:07:46.186-03:00  INFO 15224 --- [Ecommerce-Isa-Fab-Bia] [restartedMain] .s.d.r.c.RepositoryConfigurationDelegate : Bootstrapping Spring Data JPA repositories in DEFAULT mode.
2025-06-13T00:07:46.191-03:00  INFO 15224 --- [Ecommerce-Isa-Fab-Bia] [restartedMain] .RepositoryConfigurationExtensionSupport : Spring Data JPA - Could not safely identify store assignment for repository candidate interface cloud.ecommerceisafabbia.repositorioJPA.cosmos.PedidoRepository; If you want this repository to be a JPA repository, consider annotating your entities with one of these annotations: jakarta.persistence.Entity, jakarta.persistence.MappedSuperclass (preferred), or consider extending one of the following types with your repository: org.springframework.data.jpa.repository.JpaRepository
2025-06-13T00:07:46.192-03:00  INFO 15224 --- [Ecommerce-Isa-Fab-Bia] [restartedMain] .RepositoryConfigurationExtensionSupport : Spring Data JPA - Could not safely identify store assignment for repository candidate interface cloud.ecommerceisafabbia.repositorioJPA.cosmos.ProdutoRepository; If you want this repository to be a JPA repository, consider annotating your entities with one of these annotations: jakarta.persistence.Entity, jakarta.persistence.MappedSuperclass (preferred), or consider extending one of the following types with your repository: org.springframework.data.jpa.repository.JpaRepository
2025-06-13T00:07:46.197-03:00  INFO 15224 --- [Ecommerce-Isa-Fab-Bia] [restartedMain] .s.d.r.c.RepositoryConfigurationDelegate : Finished Spring Data repository scanning in 9 ms. Found 3 JPA repository interfaces.
2025-06-13T00:07:46.267-03:00  INFO 15224 --- [Ecommerce-Isa-Fab-Bia] [restartedMain] o.s.b.w.embedded.tomcat.TomcatWebServer  : Tomcat initialized with port 8080 (http)
2025-06-13T00:07:46.268-03:00  INFO 15224 --- [Ecommerce-Isa-Fab-Bia] [restartedMain] o.apache.catalina.core.StandardService   : Starting service [Tomcat]
2025-06-13T00:07:46.269-03:00  INFO 15224 --- [Ecommerce-Isa-Fab-Bia] [restartedMain] o.apache.catalina.core.StandardEngine    : Starting Servlet engine: [Apache Tomcat/10.1.39]
2025-06-13T00:07:46.291-03:00  INFO 15224 --- [Ecommerce-Isa-Fab-Bia] [restartedMain] o.a.c.c.C.[Tomcat-2].[localhost].[/]     : Initializing Spring embedded WebApplicationContext
2025-06-13T00:07:46.292-03:00  INFO 15224 --- [Ecommerce-Isa-Fab-Bia] [restartedMain] w.s.c.ServletWebServerApplicationContext : Root WebApplicationContext: initialization completed in 252 ms
2025-06-13T00:07:46.314-03:00  INFO 15224 --- [Ecommerce-Isa-Fab-Bia] [restartedMain] o.hibernate.jpa.internal.util.LogHelper  : HHH000204: Processing PersistenceUnitInfo [name: default]
2025-06-13T00:07:46.316-03:00  INFO 15224 --- [Ecommerce-Isa-Fab-Bia] [restartedMain] o.h.c.internal.RegionFactoryInitiator    : HHH000026: Second-level cache disabled
2025-06-13T00:07:46.323-03:00  INFO 15224 --- [Ecommerce-Isa-Fab-Bia] [restartedMain] o.s.o.j.p.SpringPersistenceUnitInfo      : No LoadTimeWeaver setup: ignoring JPA class transformer
2025-06-13T00:07:46.324-03:00  INFO 15224 --- [Ecommerce-Isa-Fab-Bia] [restartedMain] com.zaxxer.hikari.HikariDataSource       : HikariPool-4 - Starting...
2025-06-13T00:07:47.979-03:00  INFO 15224 --- [Ecommerce-Isa-Fab-Bia] [restartedMain] com.zaxxer.hikari.pool.HikariPool        : HikariPool-4 - Added connection com.mysql.cj.jdbc.ConnectionImpl@462e28d0
2025-06-13T00:07:47.980-03:00  INFO 15224 --- [Ecommerce-Isa-Fab-Bia] [restartedMain] com.zaxxer.hikari.HikariDataSource       : HikariPool-4 - Start completed.
2025-06-13T00:07:48.137-03:00  WARN 15224 --- [Ecommerce-Isa-Fab-Bia] [restartedMain] org.hibernate.orm.deprecation            : HHH90000025: MySQLDialect does not need to be specified explicitly using 'hibernate.dialect' (remove the property setting and it will be selected by default)
2025-06-13T00:07:48.138-03:00  INFO 15224 --- [Ecommerce-Isa-Fab-Bia] [restartedMain] org.hibernate.orm.connections.pooling    : HHH10001005: Database info:
	Database JDBC URL [Connecting through datasource 'HikariDataSource (HikariPool-4)']
	Database driver: undefined/unknown
	Database version: 8.0.41
	Autocommit mode: undefined/unknown
	Isolation level: undefined/unknown
	Minimum pool size: undefined/unknown
	Maximum pool size: undefined/unknown
2025-06-13T00:07:48.184-03:00  INFO 15224 --- [Ecommerce-Isa-Fab-Bia] [restartedMain] o.h.e.t.j.p.i.JtaPlatformInitiator       : HHH000489: No JTA platform available (set 'hibernate.transaction.jta.platform' to enable JTA platform integration)
2025-06-13T00:07:49.494-03:00  INFO 15224 --- [Ecommerce-Isa-Fab-Bia] [restartedMain] j.LocalContainerEntityManagerFactoryBean : Initialized JPA EntityManagerFactory for persistence unit 'default'
2025-06-13T00:07:49.550-03:00  WARN 15224 --- [Ecommerce-Isa-Fab-Bia] [restartedMain] ConfigServletWebServerApplicationContext : Exception encountered during context initialization - cancelling refresh attempt: org.springframework.beans.factory.UnsatisfiedDependencyException: Error creating bean with name 'compraController': Unsatisfied dependency expressed through field 'compraService': No qualifying bean of type 'cloud.ecommerceisafabbia.service.CompraService' available: expected at least 1 bean which qualifies as autowire candidate. Dependency annotations: {@org.springframework.beans.factory.annotation.Autowired(required=true)}
2025-06-13T00:07:49.551-03:00  INFO 15224 --- [Ecommerce-Isa-Fab-Bia] [restartedMain] j.LocalContainerEntityManagerFactoryBean : Closing JPA EntityManagerFactory for persistence unit 'default'
2025-06-13T00:07:49.552-03:00  INFO 15224 --- [Ecommerce-Isa-Fab-Bia] [restartedMain] com.zaxxer.hikari.HikariDataSource       : HikariPool-4 - Shutdown initiated...
2025-06-13T00:07:50.931-03:00  INFO 15224 --- [Ecommerce-Isa-Fab-Bia] [restartedMain] com.zaxxer.hikari.HikariDataSource       : HikariPool-4 - Shutdown completed.
2025-06-13T00:07:50.933-03:00  INFO 15224 --- [Ecommerce-Isa-Fab-Bia] [restartedMain] o.apache.catalina.core.StandardService   : Stopping service [Tomcat]
2025-06-13T00:07:50.941-03:00  INFO 15224 --- [Ecommerce-Isa-Fab-Bia] [restartedMain] .s.b.a.l.ConditionEvaluationReportLogger : 

Error starting ApplicationContext. To display the condition evaluation report re-run your application with 'debug' enabled.
2025-06-13T00:07:50.949-03:00 ERROR 15224 --- [Ecommerce-Isa-Fab-Bia] [restartedMain] o.s.b.d.LoggingFailureAnalysisReporter   : 

***************************
APPLICATION FAILED TO START
***************************

Description:

Field compraService in cloud.ecommerceisafabbia.controladores.CompraController required a bean of type 'cloud.ecommerceisafabbia.service.CompraService' that could not be found.

The injection point has the following annotations:
	- @org.springframework.beans.factory.annotation.Autowired(required=true)


Action:

Consider defining a bean of type 'cloud.ecommerceisafabbia.service.CompraService' in your configuration.

2025-06-13T00:08:07.703-03:00  INFO 15224 --- [Ecommerce-Isa-Fab-Bia] [restartedMain] c.e.EcommerceIsaFabBiaApplication        : Starting EcommerceIsaFabBiaApplication using Java 23.0.2 with PID 15224 (C:\Users\famor\Downloads\Projeto-Ecommerce-main (8)\Projeto-Ecommerce-main\api\target\classes started by famor in C:\Users\famor\Downloads\Projeto-Ecommerce-main (8)\Projeto-Ecommerce-main\api)
2025-06-13T00:08:07.705-03:00  INFO 15224 --- [Ecommerce-Isa-Fab-Bia] [restartedMain] c.e.EcommerceIsaFabBiaApplication        : No active profile set, falling back to 1 default profile: "default"
2025-06-13T00:08:07.812-03:00  INFO 15224 --- [Ecommerce-Isa-Fab-Bia] [restartedMain] .s.d.r.c.RepositoryConfigurationDelegate : Multiple Spring Data modules found, entering strict repository configuration mode
2025-06-13T00:08:08.036-03:00  INFO 15224 --- [Ecommerce-Isa-Fab-Bia] [restartedMain] .s.d.r.c.RepositoryConfigurationDelegate : Bootstrapping Spring Data cosmos repositories in DEFAULT mode.
2025-06-13T00:08:08.044-03:00  INFO 15224 --- [Ecommerce-Isa-Fab-Bia] [restartedMain] .s.d.r.c.RepositoryConfigurationDelegate : Finished Spring Data repository scanning in 6 ms. Found 2 cosmos repository interfaces.
2025-06-13T00:08:08.045-03:00  INFO 15224 --- [Ecommerce-Isa-Fab-Bia] [restartedMain] .s.d.r.c.RepositoryConfigurationDelegate : Multiple Spring Data modules found, entering strict repository configuration mode
2025-06-13T00:08:08.046-03:00  INFO 15224 --- [Ecommerce-Isa-Fab-Bia] [restartedMain] .s.d.r.c.RepositoryConfigurationDelegate : Bootstrapping Spring Data cosmos repositories in DEFAULT mode.
2025-06-13T00:08:08.049-03:00  INFO 15224 --- [Ecommerce-Isa-Fab-Bia] [restartedMain] .s.d.r.c.RepositoryConfigurationDelegate : Finished Spring Data repository scanning in 2 ms. Found 0 cosmos repository interfaces.
2025-06-13T00:08:08.082-03:00  INFO 15224 --- [Ecommerce-Isa-Fab-Bia] [restartedMain] .s.d.r.c.RepositoryConfigurationDelegate : Multiple Spring Data modules found, entering strict repository configuration mode
2025-06-13T00:08:08.082-03:00  INFO 15224 --- [Ecommerce-Isa-Fab-Bia] [restartedMain] .s.d.r.c.RepositoryConfigurationDelegate : Bootstrapping Spring Data JPA repositories in DEFAULT mode.
2025-06-13T00:08:08.088-03:00  INFO 15224 --- [Ecommerce-Isa-Fab-Bia] [restartedMain] .RepositoryConfigurationExtensionSupport : Spring Data JPA - Could not safely identify store assignment for repository candidate interface cloud.ecommerceisafabbia.repositorioJPA.cosmos.PedidoRepository; If you want this repository to be a JPA repository, consider annotating your entities with one of these annotations: jakarta.persistence.Entity, jakarta.persistence.MappedSuperclass (preferred), or consider extending one of the following types with your repository: org.springframework.data.jpa.repository.JpaRepository
2025-06-13T00:08:08.090-03:00  INFO 15224 --- [Ecommerce-Isa-Fab-Bia] [restartedMain] .RepositoryConfigurationExtensionSupport : Spring Data JPA - Could not safely identify store assignment for repository candidate interface cloud.ecommerceisafabbia.repositorioJPA.cosmos.ProdutoRepository; If you want this repository to be a JPA repository, consider annotating your entities with one of these annotations: jakarta.persistence.Entity, jakarta.persistence.MappedSuperclass (preferred), or consider extending one of the following types with your repository: org.springframework.data.jpa.repository.JpaRepository
2025-06-13T00:08:08.098-03:00  INFO 15224 --- [Ecommerce-Isa-Fab-Bia] [restartedMain] .s.d.r.c.RepositoryConfigurationDelegate : Finished Spring Data repository scanning in 14 ms. Found 3 JPA repository interfaces.
2025-06-13T00:08:08.168-03:00  INFO 15224 --- [Ecommerce-Isa-Fab-Bia] [restartedMain] o.s.b.w.embedded.tomcat.TomcatWebServer  : Tomcat initialized with port 8080 (http)
2025-06-13T00:08:08.169-03:00  INFO 15224 --- [Ecommerce-Isa-Fab-Bia] [restartedMain] o.apache.catalina.core.StandardService   : Starting service [Tomcat]
2025-06-13T00:08:08.169-03:00  INFO 15224 --- [Ecommerce-Isa-Fab-Bia] [restartedMain] o.apache.catalina.core.StandardEngine    : Starting Servlet engine: [Apache Tomcat/10.1.39]
2025-06-13T00:08:08.191-03:00  INFO 15224 --- [Ecommerce-Isa-Fab-Bia] [restartedMain] o.a.c.c.C.[Tomcat-3].[localhost].[/]     : Initializing Spring embedded WebApplicationContext
2025-06-13T00:08:08.191-03:00  INFO 15224 --- [Ecommerce-Isa-Fab-Bia] [restartedMain] w.s.c.ServletWebServerApplicationContext : Root WebApplicationContext: initialization completed in 485 ms
2025-06-13T00:08:08.214-03:00  INFO 15224 --- [Ecommerce-Isa-Fab-Bia] [restartedMain] o.hibernate.jpa.internal.util.LogHelper  : HHH000204: Processing PersistenceUnitInfo [name: default]
2025-06-13T00:08:08.216-03:00  INFO 15224 --- [Ecommerce-Isa-Fab-Bia] [restartedMain] o.h.c.internal.RegionFactoryInitiator    : HHH000026: Second-level cache disabled
2025-06-13T00:08:08.222-03:00  INFO 15224 --- [Ecommerce-Isa-Fab-Bia] [restartedMain] o.s.o.j.p.SpringPersistenceUnitInfo      : No LoadTimeWeaver setup: ignoring JPA class transformer
2025-06-13T00:08:08.223-03:00  INFO 15224 --- [Ecommerce-Isa-Fab-Bia] [restartedMain] com.zaxxer.hikari.HikariDataSource       : HikariPool-5 - Starting...
2025-06-13T00:08:09.834-03:00  INFO 15224 --- [Ecommerce-Isa-Fab-Bia] [restartedMain] com.zaxxer.hikari.pool.HikariPool        : HikariPool-5 - Added connection com.mysql.cj.jdbc.ConnectionImpl@75ca4890
2025-06-13T00:08:09.835-03:00  INFO 15224 --- [Ecommerce-Isa-Fab-Bia] [restartedMain] com.zaxxer.hikari.HikariDataSource       : HikariPool-5 - Start completed.
2025-06-13T00:08:09.993-03:00  WARN 15224 --- [Ecommerce-Isa-Fab-Bia] [restartedMain] org.hibernate.orm.deprecation            : HHH90000025: MySQLDialect does not need to be specified explicitly using 'hibernate.dialect' (remove the property setting and it will be selected by default)
2025-06-13T00:08:09.994-03:00  INFO 15224 --- [Ecommerce-Isa-Fab-Bia] [restartedMain] org.hibernate.orm.connections.pooling    : HHH10001005: Database info:
	Database JDBC URL [Connecting through datasource 'HikariDataSource (HikariPool-5)']
	Database driver: undefined/unknown
	Database version: 8.0.41
	Autocommit mode: undefined/unknown
	Isolation level: undefined/unknown
	Minimum pool size: undefined/unknown
	Maximum pool size: undefined/unknown
2025-06-13T00:08:10.041-03:00  INFO 15224 --- [Ecommerce-Isa-Fab-Bia] [restartedMain] o.h.e.t.j.p.i.JtaPlatformInitiator       : HHH000489: No JTA platform available (set 'hibernate.transaction.jta.platform' to enable JTA platform integration)
2025-06-13T00:08:11.326-03:00  INFO 15224 --- [Ecommerce-Isa-Fab-Bia] [restartedMain] j.LocalContainerEntityManagerFactoryBean : Initialized JPA EntityManagerFactory for persistence unit 'default'
2025-06-13T00:08:11.375-03:00  INFO 15224 --- [Ecommerce-Isa-Fab-Bia] [restartedMain] c.a.c.i.RxDocumentClientImpl             : Initializing DocumentClient [2] with serviceEndpoint [https://ecommerce-isa-bia-fab-cosmosdb.documents.azure.com:443/], connectionPolicy [ConnectionPolicy{httpNetworkRequestTimeout=PT1M, tcpNetworkRequestTimeout=PT5S, connectionMode=DIRECT, maxConnectionPoolSize=1000, idleHttpConnectionTimeout=PT1M, idleTcpConnectionTimeout=PT0S, userAgentSuffix='az-sd-cos/5.21.0', throttlingRetryOptions=RetryOptions{maxRetryAttemptsOnThrottledRequests=9, maxRetryWaitTime=PT30S}, endpointDiscoveryEnabled=true, preferredRegions=null, multipleWriteRegionsEnabled=true, proxyType=null, inetSocketProxyAddress=null, readRequestsFallbackEnabled=true, connectTimeout=PT5S, idleTcpEndpointTimeout=PT1H, maxConnectionsPerEndpoint=130, maxRequestsPerConnection=30, tcpConnectionEndpointRediscoveryEnabled=true, ioThreadPriority=5, ioThreadCountPerCoreFactor=2, tcpHealthCheckTimeoutDetectionEnabled=true, minConnectionPoolSizePerEndpoint=1, openConnectionsConcurrency=1, aggressiveWarmupConcurrency=12}], consistencyLevel [null]
2025-06-13T00:08:11.377-03:00  INFO 15224 --- [Ecommerce-Isa-Fab-Bia] [cosmos-parallel-12] c.a.c.i.RxDocumentClientImpl             : Getting database account endpoint from https://ecommerce-isa-bia-fab-cosmosdb.documents.azure.com:443/
2025-06-13T00:08:12.121-03:00  INFO 15224 --- [Ecommerce-Isa-Fab-Bia] [reactor-http-nio-9] c.a.c.i.GlobalEndpointManager            : db account retrieved {"_self":"","id":"ecommerce-isa-bia-fab-cosmosdb","_rid":"ecommerce-isa-bia-fab-cosmosdb.documents.azure.com","media":"//media/","addresses":"//addresses/","_dbs":"//dbs/","writableLocations":[{"name":"West US 3","databaseAccountEndpoint":"https://ecommerce-isa-bia-fab-cosmosdb-westus3.documents.azure.com:443/"}],"readableLocations":[{"name":"West US 3","databaseAccountEndpoint":"https://ecommerce-isa-bia-fab-cosmosdb-westus3.documents.azure.com:443/"}],"enableMultipleWriteLocations":false,"continuousBackupEnabled":false,"enableNRegionSynchronousCommit":false,"userReplicationPolicy":{"asyncReplication":false,"minReplicaSetSize":3,"maxReplicasetSize":4},"userConsistencyPolicy":{"defaultConsistencyLevel":"Session"},"systemReplicationPolicy":{"minReplicaSetSize":3,"maxReplicasetSize":4},"readPolicy":{"primaryReadCoefficient":1,"secondaryReadCoefficient":1},"queryEngineConfiguration":"{\"allowNewKeywords\":true,\"maxJoinsPerSqlQuery\":10,\"maxQueryRequestTimeoutFraction\":0.9,\"maxSqlQueryInputLength\":524288,\"maxUdfRefPerSqlQuery\":10,\"queryMaxInMemorySortDocumentCount\":-1000,\"spatialMaxGeometryPointCount\":256,\"sqlAllowNonFiniteNumbers\":false,\"sqlDisableOptimizationFlags\":0,\"sqlQueryILDisableOptimizationFlags\":0,\"clientDisableOptimisticDirectExecution\":false,\"queryEnableFullText\":true,\"queryEnableFullTextPreviewFeatures\":false,\"enableSpatialIndexing\":true,\"maxInExpressionItemsCount\":2147483647,\"maxLogicalAndPerSqlQuery\":2147483647,\"maxLogicalOrPerSqlQuery\":2147483647,\"maxSpatialQueryCells\":2147483647,\"sqlAllowAggregateFunctions\":true,\"sqlAllowGroupByClause\":true,\"sqlAllowLike\":true,\"sqlAllowSubQuery\":true,\"sqlAllowScalarSubQuery\":true,\"sqlAllowTop\":true}"}
2025-06-13T00:08:12.125-03:00  INFO 15224 --- [Ecommerce-Isa-Fab-Bia] [reactor-http-nio-10] c.a.c.i.clienttelemetry.ClientTelemetry  : Client is not on azure vm
2025-06-13T00:08:12.125-03:00  WARN 15224 --- [Ecommerce-Isa-Fab-Bia] [reactor-http-nio-10] c.a.c.i.RxDocumentClientImpl             : Initialized DocumentClient [2] with machineId[uuid:6a74042c-cc5d-46e0-bc33-c4da21b72b3b] serviceEndpoint [https://ecommerce-isa-bia-fab-cosmosdb.documents.azure.com:443/], connectionPolicy [ConnectionPolicy{httpNetworkRequestTimeout=PT1M, tcpNetworkRequestTimeout=PT5S, connectionMode=DIRECT, maxConnectionPoolSize=1000, idleHttpConnectionTimeout=PT1M, idleTcpConnectionTimeout=PT0S, userAgentSuffix='az-sd-cos/5.21.0', throttlingRetryOptions=RetryOptions{maxRetryAttemptsOnThrottledRequests=9, maxRetryWaitTime=PT30S}, endpointDiscoveryEnabled=true, preferredRegions=null, multipleWriteRegionsEnabled=true, proxyType=null, inetSocketProxyAddress=null, readRequestsFallbackEnabled=true, connectTimeout=PT5S, idleTcpEndpointTimeout=PT1H, maxConnectionsPerEndpoint=130, maxRequestsPerConnection=30, tcpConnectionEndpointRediscoveryEnabled=true, ioThreadPriority=5, ioThreadCountPerCoreFactor=2, tcpHealthCheckTimeoutDetectionEnabled=true, minConnectionPoolSizePerEndpoint=1, openConnectionsConcurrency=1, aggressiveWarmupConcurrency=12}], consistencyLevel [null]
2025-06-13T00:08:12.141-03:00  INFO 15224 --- [Ecommerce-Isa-Fab-Bia] [restartedMain] Endpoint$RntbdEndpointMonitoringProvider : Starting RntbdClientChannelPoolMonitoringProvider ...
2025-06-13T00:08:12.142-03:00  WARN 15224 --- [Ecommerce-Isa-Fab-Bia] [restartedMain] com.azure.cosmos.CosmosClientBuilder     : Cosmos Client with (Correlation) ID [00002] started up in [767] ms with the following configuration: serviceEndpoint [https://ecommerce-isa-bia-fab-cosmosdb.documents.azure.com:443/], preferredRegions [[]], excludedRegions [[]], connectionPolicy [ConnectionPolicy{httpNetworkRequestTimeout=PT1M, tcpNetworkRequestTimeout=PT5S, connectionMode=DIRECT, maxConnectionPoolSize=1000, idleHttpConnectionTimeout=PT1M, idleTcpConnectionTimeout=PT0S, userAgentSuffix='az-sd-cos/5.21.0', throttlingRetryOptions=RetryOptions{maxRetryAttemptsOnThrottledRequests=9, maxRetryWaitTime=PT30S}, endpointDiscoveryEnabled=true, preferredRegions=null, multipleWriteRegionsEnabled=true, proxyType=null, inetSocketProxyAddress=null, readRequestsFallbackEnabled=true, connectTimeout=PT5S, idleTcpEndpointTimeout=PT1H, maxConnectionsPerEndpoint=130, maxRequestsPerConnection=30, tcpConnectionEndpointRediscoveryEnabled=true, ioThreadPriority=5, ioThreadCountPerCoreFactor=2, tcpHealthCheckTimeoutDetectionEnabled=true, minConnectionPoolSizePerEndpoint=1, openConnectionsConcurrency=1, aggressiveWarmupConcurrency=12}], consistencyLevel [null], contentResponseOnWriteEnabled [true], sessionCapturingOverride [false], connectionSharingAcrossClients [false], clientTelemetryEnabled [false], proactiveContainerInit [null], diagnostics [{samplingRate=1.0, thresholds={pointOperationLatencyThreshold=PT1S, nonPointOperationLatencyThreshold=PT3S, requestChargeThreshold=1000.0, payloadSizeInBytesThreshold=2147483647, customFailureHandler=false}, clientCorrelationId=null, clientTelemetryEnabled=false, clientMetricsEnabled=true, transportLevelTracingEnabled=false, showQueryMode=None, customTracerProvided=false, customDiagnosticHandlers=()}], tracing [true, false, com.azure.cosmos.implementation.DiagnosticsProvider.EnabledNoOpTracer, [com.azure.cosmos.implementation.clienttelemetry.ClientMetricsDiagnosticsHandler]], nativeTransport [false] fastClientOpen [false] isRegionScopedSessionCapturingEnabled [false]
2025-06-13T00:08:15.142-03:00  WARN 15224 --- [Ecommerce-Isa-Fab-Bia] [restartedMain] JpaBaseConfiguration$JpaWebConfiguration : spring.jpa.open-in-view is enabled by default. Therefore, database queries may be performed during view rendering. Explicitly configure spring.jpa.open-in-view to disable this warning
2025-06-13T00:08:15.155-03:00  INFO 15224 --- [Ecommerce-Isa-Fab-Bia] [restartedMain] o.s.v.b.OptionalValidatorFactoryBean     : Failed to set up a Bean Validation provider: jakarta.validation.NoProviderFoundException: Unable to create a Configuration, because no Jakarta Bean Validation provider could be found. Add a provider like Hibernate Validator (RI) to your classpath.
2025-06-13T00:08:15.406-03:00  INFO 15224 --- [Ecommerce-Isa-Fab-Bia] [restartedMain] o.s.b.a.h2.H2ConsoleAutoConfiguration    : H2 console available at '/h2-console'. Database available at 'jdbc:mysql://ecommerce-isa-bia-fab-db.mysql.database.azure.com:3306/ecommerce-isa-bia-fab-db'
2025-06-13T00:08:15.420-03:00  INFO 15224 --- [Ecommerce-Isa-Fab-Bia] [restartedMain] o.s.b.d.a.OptionalLiveReloadServer       : LiveReload server is running on port 35729
2025-06-13T00:08:15.428-03:00  INFO 15224 --- [Ecommerce-Isa-Fab-Bia] [restartedMain] o.s.b.w.embedded.tomcat.TomcatWebServer  : Tomcat started on port 8080 (http) with context path '/'
2025-06-13T00:08:15.431-03:00  INFO 15224 --- [Ecommerce-Isa-Fab-Bia] [restartedMain] c.e.EcommerceIsaFabBiaApplication        : Started EcommerceIsaFabBiaApplication in 7.747 seconds (process running for 1150.135)
2025-06-13T00:08:15.432-03:00  INFO 15224 --- [Ecommerce-Isa-Fab-Bia] [restartedMain] .ConditionEvaluationDeltaLoggingListener : Condition evaluation unchanged
2025-06-13T00:09:16.743-03:00  INFO 15224 --- [Ecommerce-Isa-Fab-Bia] [cosmos-parallel-11] c.a.c.i.GlobalEndpointManager            : client already closed
2025-06-13T00:13:12.159-03:00  INFO 15224 --- [Ecommerce-Isa-Fab-Bia] [cosmos-parallel-13] c.a.c.i.RxDocumentClientImpl             : Getting database account endpoint from https://ecommerce-isa-bia-fab-cosmosdb.documents.azure.com:443/
2025-06-13T00:13:12.936-03:00  INFO 15224 --- [Ecommerce-Isa-Fab-Bia] [reactor-http-nio-12] c.a.c.i.GlobalEndpointManager            : db account retrieved {"_self":"","id":"ecommerce-isa-bia-fab-cosmosdb","_rid":"ecommerce-isa-bia-fab-cosmosdb.documents.azure.com","media":"//media/","addresses":"//addresses/","_dbs":"//dbs/","writableLocations":[{"name":"West US 3","databaseAccountEndpoint":"https://ecommerce-isa-bia-fab-cosmosdb-westus3.documents.azure.com:443/"}],"readableLocations":[{"name":"West US 3","databaseAccountEndpoint":"https://ecommerce-isa-bia-fab-cosmosdb-westus3.documents.azure.com:443/"}],"enableMultipleWriteLocations":false,"continuousBackupEnabled":false,"enableNRegionSynchronousCommit":false,"userReplicationPolicy":{"asyncReplication":false,"minReplicaSetSize":3,"maxReplicasetSize":4},"userConsistencyPolicy":{"defaultConsistencyLevel":"Session"},"systemReplicationPolicy":{"minReplicaSetSize":3,"maxReplicasetSize":4},"readPolicy":{"primaryReadCoefficient":1,"secondaryReadCoefficient":1},"queryEngineConfiguration":"{\"allowNewKeywords\":true,\"maxJoinsPerSqlQuery\":10,\"maxQueryRequestTimeoutFraction\":0.9,\"maxSqlQueryInputLength\":524288,\"maxUdfRefPerSqlQuery\":10,\"queryMaxInMemorySortDocumentCount\":-1000,\"spatialMaxGeometryPointCount\":256,\"sqlAllowNonFiniteNumbers\":false,\"sqlDisableOptimizationFlags\":0,\"sqlQueryILDisableOptimizationFlags\":0,\"clientDisableOptimisticDirectExecution\":false,\"queryEnableFullText\":true,\"queryEnableFullTextPreviewFeatures\":false,\"enableSpatialIndexing\":true,\"maxInExpressionItemsCount\":2147483647,\"maxLogicalAndPerSqlQuery\":2147483647,\"maxLogicalOrPerSqlQuery\":2147483647,\"maxSpatialQueryCells\":2147483647,\"sqlAllowAggregateFunctions\":true,\"sqlAllowGroupByClause\":true,\"sqlAllowLike\":true,\"sqlAllowSubQuery\":true,\"sqlAllowScalarSubQuery\":true,\"sqlAllowTop\":true}"}
2025-06-13T00:14:48.563-03:00  INFO 15224 --- [Ecommerce-Isa-Fab-Bia] [http-nio-8080-exec-1] o.a.c.c.C.[Tomcat-3].[localhost].[/]     : Initializing Spring DispatcherServlet 'dispatcherServlet'
2025-06-13T00:14:48.565-03:00  INFO 15224 --- [Ecommerce-Isa-Fab-Bia] [http-nio-8080-exec-1] o.s.web.servlet.DispatcherServlet        : Initializing Servlet 'dispatcherServlet'
2025-06-13T00:14:48.568-03:00  INFO 15224 --- [Ecommerce-Isa-Fab-Bia] [http-nio-8080-exec-1] o.s.web.servlet.DispatcherServlet        : Completed initialization in 3 ms
2025-06-13T00:14:51.684-03:00  INFO 15224 --- [Ecommerce-Isa-Fab-Bia] [cosmos-rntbd-nio-3-12] c.a.c.implementation.SessionContainer    : Registering a new collection resourceId [US5UAPFcVdY=] in SessionTokens
2025-06-13T00:14:52.264-03:00  WARN 15224 --- [Ecommerce-Isa-Fab-Bia] [http-nio-8080-exec-1] o.h.engine.jdbc.spi.SqlExceptionHelper   : SQL Error: 1062, SQLState: 23000
2025-06-13T00:14:52.265-03:00 ERROR 15224 --- [Ecommerce-Isa-Fab-Bia] [http-nio-8080-exec-1] o.h.engine.jdbc.spi.SqlExceptionHelper   : Duplicate entry 'isa@gmail.com' for key 'usuario.UK5171l57faosmj8myawaucatdw'
2025-06-13T00:16:40.907-03:00  INFO 15224 --- [Ecommerce-Isa-Fab-Bia] [cosmos-rntbd-nio-3-16] c.a.c.implementation.SessionContainer    : Registering a new collection resourceId [US5UAK8oAWM=] in SessionTokens
2025-06-13T00:18:12.970-03:00  INFO 15224 --- [Ecommerce-Isa-Fab-Bia] [cosmos-parallel-16] c.a.c.i.RxDocumentClientImpl             : Getting database account endpoint from https://ecommerce-isa-bia-fab-cosmosdb.documents.azure.com:443/
2025-06-13T00:18:13.749-03:00  INFO 15224 --- [Ecommerce-Isa-Fab-Bia] [reactor-http-nio-3] c.a.c.i.GlobalEndpointManager            : db account retrieved {"_self":"","id":"ecommerce-isa-bia-fab-cosmosdb","_rid":"ecommerce-isa-bia-fab-cosmosdb.documents.azure.com","media":"//media/","addresses":"//addresses/","_dbs":"//dbs/","writableLocations":[{"name":"West US 3","databaseAccountEndpoint":"https://ecommerce-isa-bia-fab-cosmosdb-westus3.documents.azure.com:443/"}],"readableLocations":[{"name":"West US 3","databaseAccountEndpoint":"https://ecommerce-isa-bia-fab-cosmosdb-westus3.documents.azure.com:443/"}],"enableMultipleWriteLocations":false,"continuousBackupEnabled":false,"enableNRegionSynchronousCommit":false,"userReplicationPolicy":{"asyncReplication":false,"minReplicaSetSize":3,"maxReplicasetSize":4},"userConsistencyPolicy":{"defaultConsistencyLevel":"Session"},"systemReplicationPolicy":{"minReplicaSetSize":3,"maxReplicasetSize":4},"readPolicy":{"primaryReadCoefficient":1,"secondaryReadCoefficient":1},"queryEngineConfiguration":"{\"allowNewKeywords\":true,\"maxJoinsPerSqlQuery\":10,\"maxQueryRequestTimeoutFraction\":0.9,\"maxSqlQueryInputLength\":524288,\"maxUdfRefPerSqlQuery\":10,\"queryMaxInMemorySortDocumentCount\":-1000,\"spatialMaxGeometryPointCount\":256,\"sqlAllowNonFiniteNumbers\":false,\"sqlDisableOptimizationFlags\":0,\"sqlQueryILDisableOptimizationFlags\":0,\"clientDisableOptimisticDirectExecution\":false,\"queryEnableFullText\":true,\"queryEnableFullTextPreviewFeatures\":false,\"enableSpatialIndexing\":true,\"maxInExpressionItemsCount\":2147483647,\"maxLogicalAndPerSqlQuery\":2147483647,\"maxLogicalOrPerSqlQuery\":2147483647,\"maxSpatialQueryCells\":2147483647,\"sqlAllowAggregateFunctions\":true,\"sqlAllowGroupByClause\":true,\"sqlAllowLike\":true,\"sqlAllowSubQuery\":true,\"sqlAllowScalarSubQuery\":true,\"sqlAllowTop\":true}"}
2025-06-13T00:23:13.788-03:00  INFO 15224 --- [Ecommerce-Isa-Fab-Bia] [cosmos-parallel-20] c.a.c.i.RxDocumentClientImpl             : Getting database account endpoint from https://ecommerce-isa-bia-fab-cosmosdb.documents.azure.com:443/
2025-06-13T00:23:14.548-03:00  INFO 15224 --- [Ecommerce-Isa-Fab-Bia] [reactor-http-nio-4] c.a.c.i.GlobalEndpointManager            : db account retrieved {"_self":"","id":"ecommerce-isa-bia-fab-cosmosdb","_rid":"ecommerce-isa-bia-fab-cosmosdb.documents.azure.com","media":"//media/","addresses":"//addresses/","_dbs":"//dbs/","writableLocations":[{"name":"West US 3","databaseAccountEndpoint":"https://ecommerce-isa-bia-fab-cosmosdb-westus3.documents.azure.com:443/"}],"readableLocations":[{"name":"West US 3","databaseAccountEndpoint":"https://ecommerce-isa-bia-fab-cosmosdb-westus3.documents.azure.com:443/"}],"enableMultipleWriteLocations":false,"continuousBackupEnabled":false,"enableNRegionSynchronousCommit":false,"userReplicationPolicy":{"asyncReplication":false,"minReplicaSetSize":3,"maxReplicasetSize":4},"userConsistencyPolicy":{"defaultConsistencyLevel":"Session"},"systemReplicationPolicy":{"minReplicaSetSize":3,"maxReplicasetSize":4},"readPolicy":{"primaryReadCoefficient":1,"secondaryReadCoefficient":1},"queryEngineConfiguration":"{\"allowNewKeywords\":true,\"maxJoinsPerSqlQuery\":10,\"maxQueryRequestTimeoutFraction\":0.9,\"maxSqlQueryInputLength\":524288,\"maxUdfRefPerSqlQuery\":10,\"queryMaxInMemorySortDocumentCount\":-1000,\"spatialMaxGeometryPointCount\":256,\"sqlAllowNonFiniteNumbers\":false,\"sqlDisableOptimizationFlags\":0,\"sqlQueryILDisableOptimizationFlags\":0,\"clientDisableOptimisticDirectExecution\":false,\"queryEnableFullText\":true,\"queryEnableFullTextPreviewFeatures\":false,\"enableSpatialIndexing\":true,\"maxInExpressionItemsCount\":2147483647,\"maxLogicalAndPerSqlQuery\":2147483647,\"maxLogicalOrPerSqlQuery\":2147483647,\"maxSpatialQueryCells\":2147483647,\"sqlAllowAggregateFunctions\":true,\"sqlAllowGroupByClause\":true,\"sqlAllowLike\":true,\"sqlAllowSubQuery\":true,\"sqlAllowScalarSubQuery\":true,\"sqlAllowTop\":true}"}
2025-06-13T00:28:14.582-03:00  INFO 15224 --- [Ecommerce-Isa-Fab-Bia] [cosmos-parallel-21] c.a.c.i.RxDocumentClientImpl             : Getting database account endpoint from https://ecommerce-isa-bia-fab-cosmosdb.documents.azure.com:443/
2025-06-13T00:28:15.346-03:00  INFO 15224 --- [Ecommerce-Isa-Fab-Bia] [reactor-http-nio-6] c.a.c.i.GlobalEndpointManager            : db account retrieved {"_self":"","id":"ecommerce-isa-bia-fab-cosmosdb","_rid":"ecommerce-isa-bia-fab-cosmosdb.documents.azure.com","media":"//media/","addresses":"//addresses/","_dbs":"//dbs/","writableLocations":[{"name":"West US 3","databaseAccountEndpoint":"https://ecommerce-isa-bia-fab-cosmosdb-westus3.documents.azure.com:443/"}],"readableLocations":[{"name":"West US 3","databaseAccountEndpoint":"https://ecommerce-isa-bia-fab-cosmosdb-westus3.documents.azure.com:443/"}],"enableMultipleWriteLocations":false,"continuousBackupEnabled":false,"enableNRegionSynchronousCommit":false,"userReplicationPolicy":{"asyncReplication":false,"minReplicaSetSize":3,"maxReplicasetSize":4},"userConsistencyPolicy":{"defaultConsistencyLevel":"Session"},"systemReplicationPolicy":{"minReplicaSetSize":3,"maxReplicasetSize":4},"readPolicy":{"primaryReadCoefficient":1,"secondaryReadCoefficient":1},"queryEngineConfiguration":"{\"allowNewKeywords\":true,\"maxJoinsPerSqlQuery\":10,\"maxQueryRequestTimeoutFraction\":0.9,\"maxSqlQueryInputLength\":524288,\"maxUdfRefPerSqlQuery\":10,\"queryMaxInMemorySortDocumentCount\":-1000,\"spatialMaxGeometryPointCount\":256,\"sqlAllowNonFiniteNumbers\":false,\"sqlDisableOptimizationFlags\":0,\"sqlQueryILDisableOptimizationFlags\":0,\"clientDisableOptimisticDirectExecution\":false,\"queryEnableFullText\":true,\"queryEnableFullTextPreviewFeatures\":false,\"enableSpatialIndexing\":true,\"maxInExpressionItemsCount\":2147483647,\"maxLogicalAndPerSqlQuery\":2147483647,\"maxLogicalOrPerSqlQuery\":2147483647,\"maxSpatialQueryCells\":2147483647,\"sqlAllowAggregateFunctions\":true,\"sqlAllowGroupByClause\":true,\"sqlAllowLike\":true,\"sqlAllowSubQuery\":true,\"sqlAllowScalarSubQuery\":true,\"sqlAllowTop\":true}"}
2025-06-13T00:33:15.378-03:00  INFO 15224 --- [Ecommerce-Isa-Fab-Bia] [cosmos-parallel-23] c.a.c.i.RxDocumentClientImpl             : Getting database account endpoint from https://ecommerce-isa-bia-fab-cosmosdb.documents.azure.com:443/
2025-06-13T00:33:16.133-03:00  INFO 15224 --- [Ecommerce-Isa-Fab-Bia] [reactor-http-nio-7] c.a.c.i.GlobalEndpointManager            : db account retrieved {"_self":"","id":"ecommerce-isa-bia-fab-cosmosdb","_rid":"ecommerce-isa-bia-fab-cosmosdb.documents.azure.com","media":"//media/","addresses":"//addresses/","_dbs":"//dbs/","writableLocations":[{"name":"West US 3","databaseAccountEndpoint":"https://ecommerce-isa-bia-fab-cosmosdb-westus3.documents.azure.com:443/"}],"readableLocations":[{"name":"West US 3","databaseAccountEndpoint":"https://ecommerce-isa-bia-fab-cosmosdb-westus3.documents.azure.com:443/"}],"enableMultipleWriteLocations":false,"continuousBackupEnabled":false,"enableNRegionSynchronousCommit":false,"userReplicationPolicy":{"asyncReplication":false,"minReplicaSetSize":3,"maxReplicasetSize":4},"userConsistencyPolicy":{"defaultConsistencyLevel":"Session"},"systemReplicationPolicy":{"minReplicaSetSize":3,"maxReplicasetSize":4},"readPolicy":{"primaryReadCoefficient":1,"secondaryReadCoefficient":1},"queryEngineConfiguration":"{\"allowNewKeywords\":true,\"maxJoinsPerSqlQuery\":10,\"maxQueryRequestTimeoutFraction\":0.9,\"maxSqlQueryInputLength\":524288,\"maxUdfRefPerSqlQuery\":10,\"queryMaxInMemorySortDocumentCount\":-1000,\"spatialMaxGeometryPointCount\":256,\"sqlAllowNonFiniteNumbers\":false,\"sqlDisableOptimizationFlags\":0,\"sqlQueryILDisableOptimizationFlags\":0,\"clientDisableOptimisticDirectExecution\":false,\"queryEnableFullText\":true,\"queryEnableFullTextPreviewFeatures\":false,\"enableSpatialIndexing\":true,\"maxInExpressionItemsCount\":2147483647,\"maxLogicalAndPerSqlQuery\":2147483647,\"maxLogicalOrPerSqlQuery\":2147483647,\"maxSpatialQueryCells\":2147483647,\"sqlAllowAggregateFunctions\":true,\"sqlAllowGroupByClause\":true,\"sqlAllowLike\":true,\"sqlAllowSubQuery\":true,\"sqlAllowScalarSubQuery\":true,\"sqlAllowTop\":true}"}
2025-06-13T00:38:16.164-03:00  INFO 15224 --- [Ecommerce-Isa-Fab-Bia] [cosmos-parallel-24] c.a.c.i.RxDocumentClientImpl             : Getting database account endpoint from https://ecommerce-isa-bia-fab-cosmosdb.documents.azure.com:443/
2025-06-13T00:38:16.926-03:00  INFO 15224 --- [Ecommerce-Isa-Fab-Bia] [reactor-http-nio-8] c.a.c.i.GlobalEndpointManager            : db account retrieved {"_self":"","id":"ecommerce-isa-bia-fab-cosmosdb","_rid":"ecommerce-isa-bia-fab-cosmosdb.documents.azure.com","media":"//media/","addresses":"//addresses/","_dbs":"//dbs/","writableLocations":[{"name":"West US 3","databaseAccountEndpoint":"https://ecommerce-isa-bia-fab-cosmosdb-westus3.documents.azure.com:443/"}],"readableLocations":[{"name":"West US 3","databaseAccountEndpoint":"https://ecommerce-isa-bia-fab-cosmosdb-westus3.documents.azure.com:443/"}],"enableMultipleWriteLocations":false,"continuousBackupEnabled":false,"enableNRegionSynchronousCommit":false,"userReplicationPolicy":{"asyncReplication":false,"minReplicaSetSize":3,"maxReplicasetSize":4},"userConsistencyPolicy":{"defaultConsistencyLevel":"Session"},"systemReplicationPolicy":{"minReplicaSetSize":3,"maxReplicasetSize":4},"readPolicy":{"primaryReadCoefficient":1,"secondaryReadCoefficient":1},"queryEngineConfiguration":"{\"allowNewKeywords\":true,\"maxJoinsPerSqlQuery\":10,\"maxQueryRequestTimeoutFraction\":0.9,\"maxSqlQueryInputLength\":524288,\"maxUdfRefPerSqlQuery\":10,\"queryMaxInMemorySortDocumentCount\":-1000,\"spatialMaxGeometryPointCount\":256,\"sqlAllowNonFiniteNumbers\":false,\"sqlDisableOptimizationFlags\":0,\"sqlQueryILDisableOptimizationFlags\":0,\"clientDisableOptimisticDirectExecution\":false,\"queryEnableFullText\":true,\"queryEnableFullTextPreviewFeatures\":false,\"enableSpatialIndexing\":true,\"maxInExpressionItemsCount\":2147483647,\"maxLogicalAndPerSqlQuery\":2147483647,\"maxLogicalOrPerSqlQuery\":2147483647,\"maxSpatialQueryCells\":2147483647,\"sqlAllowAggregateFunctions\":true,\"sqlAllowGroupByClause\":true,\"sqlAllowLike\":true,\"sqlAllowSubQuery\":true,\"sqlAllowScalarSubQuery\":true,\"sqlAllowTop\":true}"}
2025-06-13T00:43:16.952-03:00  INFO 15224 --- [Ecommerce-Isa-Fab-Bia] [cosmos-parallel-1] c.a.c.i.RxDocumentClientImpl             : Getting database account endpoint from https://ecommerce-isa-bia-fab-cosmosdb.documents.azure.com:443/
2025-06-13T00:43:17.713-03:00  INFO 15224 --- [Ecommerce-Isa-Fab-Bia] [reactor-http-nio-10] c.a.c.i.GlobalEndpointManager            : db account retrieved {"_self":"","id":"ecommerce-isa-bia-fab-cosmosdb","_rid":"ecommerce-isa-bia-fab-cosmosdb.documents.azure.com","media":"//media/","addresses":"//addresses/","_dbs":"//dbs/","writableLocations":[{"name":"West US 3","databaseAccountEndpoint":"https://ecommerce-isa-bia-fab-cosmosdb-westus3.documents.azure.com:443/"}],"readableLocations":[{"name":"West US 3","databaseAccountEndpoint":"https://ecommerce-isa-bia-fab-cosmosdb-westus3.documents.azure.com:443/"}],"enableMultipleWriteLocations":false,"continuousBackupEnabled":false,"enableNRegionSynchronousCommit":false,"userReplicationPolicy":{"asyncReplication":false,"minReplicaSetSize":3,"maxReplicasetSize":4},"userConsistencyPolicy":{"defaultConsistencyLevel":"Session"},"systemReplicationPolicy":{"minReplicaSetSize":3,"maxReplicasetSize":4},"readPolicy":{"primaryReadCoefficient":1,"secondaryReadCoefficient":1},"queryEngineConfiguration":"{\"allowNewKeywords\":true,\"maxJoinsPerSqlQuery\":10,\"maxQueryRequestTimeoutFraction\":0.9,\"maxSqlQueryInputLength\":524288,\"maxUdfRefPerSqlQuery\":10,\"queryMaxInMemorySortDocumentCount\":-1000,\"spatialMaxGeometryPointCount\":256,\"sqlAllowNonFiniteNumbers\":false,\"sqlDisableOptimizationFlags\":0,\"sqlQueryILDisableOptimizationFlags\":0,\"clientDisableOptimisticDirectExecution\":false,\"queryEnableFullText\":true,\"queryEnableFullTextPreviewFeatures\":false,\"enableSpatialIndexing\":true,\"maxInExpressionItemsCount\":2147483647,\"maxLogicalAndPerSqlQuery\":2147483647,\"maxLogicalOrPerSqlQuery\":2147483647,\"maxSpatialQueryCells\":2147483647,\"sqlAllowAggregateFunctions\":true,\"sqlAllowGroupByClause\":true,\"sqlAllowLike\":true,\"sqlAllowSubQuery\":true,\"sqlAllowScalarSubQuery\":true,\"sqlAllowTop\":true}"}
2025-06-13T00:48:17.741-03:00  INFO 15224 --- [Ecommerce-Isa-Fab-Bia] [cosmos-parallel-2] c.a.c.i.RxDocumentClientImpl             : Getting database account endpoint from https://ecommerce-isa-bia-fab-cosmosdb.documents.azure.com:443/
2025-06-13T00:48:18.501-03:00  INFO 15224 --- [Ecommerce-Isa-Fab-Bia] [reactor-http-nio-11] c.a.c.i.GlobalEndpointManager            : db account retrieved {"_self":"","id":"ecommerce-isa-bia-fab-cosmosdb","_rid":"ecommerce-isa-bia-fab-cosmosdb.documents.azure.com","media":"//media/","addresses":"//addresses/","_dbs":"//dbs/","writableLocations":[{"name":"West US 3","databaseAccountEndpoint":"https://ecommerce-isa-bia-fab-cosmosdb-westus3.documents.azure.com:443/"}],"readableLocations":[{"name":"West US 3","databaseAccountEndpoint":"https://ecommerce-isa-bia-fab-cosmosdb-westus3.documents.azure.com:443/"}],"enableMultipleWriteLocations":false,"continuousBackupEnabled":false,"enableNRegionSynchronousCommit":false,"userReplicationPolicy":{"asyncReplication":false,"minReplicaSetSize":3,"maxReplicasetSize":4},"userConsistencyPolicy":{"defaultConsistencyLevel":"Session"},"systemReplicationPolicy":{"minReplicaSetSize":3,"maxReplicasetSize":4},"readPolicy":{"primaryReadCoefficient":1,"secondaryReadCoefficient":1},"queryEngineConfiguration":"{\"allowNewKeywords\":true,\"maxJoinsPerSqlQuery\":10,\"maxQueryRequestTimeoutFraction\":0.9,\"maxSqlQueryInputLength\":524288,\"maxUdfRefPerSqlQuery\":10,\"queryMaxInMemorySortDocumentCount\":-1000,\"spatialMaxGeometryPointCount\":256,\"sqlAllowNonFiniteNumbers\":false,\"sqlDisableOptimizationFlags\":0,\"sqlQueryILDisableOptimizationFlags\":0,\"clientDisableOptimisticDirectExecution\":false,\"queryEnableFullText\":true,\"queryEnableFullTextPreviewFeatures\":false,\"enableSpatialIndexing\":true,\"maxInExpressionItemsCount\":2147483647,\"maxLogicalAndPerSqlQuery\":2147483647,\"maxLogicalOrPerSqlQuery\":2147483647,\"maxSpatialQueryCells\":2147483647,\"sqlAllowAggregateFunctions\":true,\"sqlAllowGroupByClause\":true,\"sqlAllowLike\":true,\"sqlAllowSubQuery\":true,\"sqlAllowScalarSubQuery\":true,\"sqlAllowTop\":true}"}
2025-06-13T00:53:18.530-03:00  INFO 15224 --- [Ecommerce-Isa-Fab-Bia] [cosmos-parallel-7] c.a.c.i.RxDocumentClientImpl             : Getting database account endpoint from https://ecommerce-isa-bia-fab-cosmosdb.documents.azure.com:443/
2025-06-13T00:53:19.255-03:00  INFO 15224 --- [Ecommerce-Isa-Fab-Bia] [reactor-http-nio-12] c.a.c.i.GlobalEndpointManager            : db account retrieved {"_self":"","id":"ecommerce-isa-bia-fab-cosmosdb","_rid":"ecommerce-isa-bia-fab-cosmosdb.documents.azure.com","media":"//media/","addresses":"//addresses/","_dbs":"//dbs/","writableLocations":[{"name":"West US 3","databaseAccountEndpoint":"https://ecommerce-isa-bia-fab-cosmosdb-westus3.documents.azure.com:443/"}],"readableLocations":[{"name":"West US 3","databaseAccountEndpoint":"https://ecommerce-isa-bia-fab-cosmosdb-westus3.documents.azure.com:443/"}],"enableMultipleWriteLocations":false,"continuousBackupEnabled":false,"enableNRegionSynchronousCommit":false,"userReplicationPolicy":{"asyncReplication":false,"minReplicaSetSize":3,"maxReplicasetSize":4},"userConsistencyPolicy":{"defaultConsistencyLevel":"Session"},"systemReplicationPolicy":{"minReplicaSetSize":3,"maxReplicasetSize":4},"readPolicy":{"primaryReadCoefficient":1,"secondaryReadCoefficient":1},"queryEngineConfiguration":"{\"allowNewKeywords\":true,\"maxJoinsPerSqlQuery\":10,\"maxQueryRequestTimeoutFraction\":0.9,\"maxSqlQueryInputLength\":524288,\"maxUdfRefPerSqlQuery\":10,\"queryMaxInMemorySortDocumentCount\":-1000,\"spatialMaxGeometryPointCount\":256,\"sqlAllowNonFiniteNumbers\":false,\"sqlDisableOptimizationFlags\":0,\"sqlQueryILDisableOptimizationFlags\":0,\"clientDisableOptimisticDirectExecution\":false,\"queryEnableFullText\":true,\"queryEnableFullTextPreviewFeatures\":false,\"enableSpatialIndexing\":true,\"maxInExpressionItemsCount\":2147483647,\"maxLogicalAndPerSqlQuery\":2147483647,\"maxLogicalOrPerSqlQuery\":2147483647,\"maxSpatialQueryCells\":2147483647,\"sqlAllowAggregateFunctions\":true,\"sqlAllowGroupByClause\":true,\"sqlAllowLike\":true,\"sqlAllowSubQuery\":true,\"sqlAllowScalarSubQuery\":true,\"sqlAllowTop\":true}"}
